tdata.dirs.ino find 1 blocks 105.50880312919617
tdata.dirs.ino find 1 interleaved 103.97301912307739
tdata.dirs.ino find 2 blocks 173.97109580039978
tdata.dirs.ino find 2 interleaved 105.1918215751648
tdata.dirs.ino find 4 blocks 220.22652196884155
tdata.dirs.ino find 4 interleaved 110.37728691101074
tdata.dirs.ino find 8 blocks 263.0577540397644
tdata.dirs.ino find 8 interleaved 116.19338631629944
tdata.dirs.ino find 16 blocks 336.1091332435608
tdata.dirs.ino find 16 interleaved 128.40322542190552
tdata.dirs.ino find 32 blocks 330.06344723701477
tdata.dirs.ino find 32 interleaved 156.63762259483337
tdata.dirs.ino find 64 blocks 319.6403486728668
tdata.dirs.ino find 64 interleaved 236.2796652317047
tdata.dirs.ino find 128 blocks 337.478387594223
tdata.dirs.ino find 128 interleaved 299.18118357658386
tdata.dirs.ino ino 1 blocks 75.01356387138367
tdata.dirs.ino ino 1 interleaved 75.81494235992432
tdata.dirs.ino ino 2 blocks 97.0746009349823
tdata.dirs.ino ino 2 interleaved 76.0856204032898
tdata.dirs.ino ino 4 blocks 122.78992509841919
tdata.dirs.ino ino 4 interleaved 83.30185413360596
tdata.dirs.ino ino 8 blocks 146.6507625579834
tdata.dirs.ino ino 8 interleaved 95.53211760520935
tdata.dirs.ino ino 16 blocks 190.20056581497192
tdata.dirs.ino ino 16 interleaved 106.60015940666199
tdata.dirs.ino ino 32 blocks 205.62619495391846
tdata.dirs.ino ino 32 interleaved 137.87701678276062
tdata.dirs.ino ino 64 blocks 201.88776183128357
tdata.dirs.ino ino 64 interleaved 179.38436484336853
tdata.dirs.ino ino 128 blocks 202.71839666366577
tdata.dirs.ino ino 128 interleaved 252.43734574317932
tdata.dirs.ino shuffle 1 blocks 630.3579125404358
tdata.dirs.ino shuffle 1 interleaved 629.992654800415
tdata.dirs.ino shuffle 2 blocks 684.9603853225708
tdata.dirs.ino shuffle 2 interleaved 710.1282470226288
tdata.dirs.ino shuffle 4 blocks 703.1140546798706
tdata.dirs.ino shuffle 4 interleaved 744.45871758461
tdata.dirs.ino shuffle 8 blocks 699.8741319179535
tdata.dirs.ino shuffle 8 interleaved 790.8509135246277
tdata.dirs.ino shuffle 16 blocks 706.7550640106201
tdata.dirs.ino shuffle 16 interleaved 849.9234809875488
tdata.dirs.ino shuffle 32 blocks 706.7474796772003
tdata.dirs.ino shuffle 32 interleaved 703.9008288383484
tdata.dirs.ino shuffle 64 blocks 706.2387762069702
tdata.dirs.ino shuffle 64 interleaved 706.0417759418488
tdata.dirs.ino shuffle 128 blocks 716.808801651001
tdata.dirs.ino shuffle 128 interleaved 705.147703409195
tdata.files.ino find 1 blocks 278.56677627563477
tdata.files.ino find 1 interleaved 273.521075963974
tdata.files.ino find 2 blocks 391.6838719844818
tdata.files.ino find 2 interleaved 278.76411867141724
tdata.files.ino find 4 blocks 534.581377029419
tdata.files.ino find 4 interleaved 278.30174684524536
tdata.files.ino find 8 blocks 720.4924657344818
tdata.files.ino find 8 interleaved 353.0768051147461
tdata.files.ino find 16 blocks 1000.450962305069
tdata.files.ino find 16 interleaved 395.12052941322327
tdata.files.ino find 32 blocks 1397.241887331009
tdata.files.ino find 32 interleaved 404.90070271492004
tdata.files.ino find 64 blocks 1545.6501808166504
tdata.files.ino find 64 interleaved 504.3497176170349
tdata.files.ino find 128 blocks 2085.103720664978
tdata.files.ino find 128 interleaved 954.3135395050049
tdata.files.ino ino 1 blocks 152.6686728000641
tdata.files.ino ino 1 interleaved 181.01957368850708
tdata.files.ino ino 2 blocks 208.72951912879944
tdata.files.ino ino 2 interleaved 302.92281675338745
tdata.files.ino ino 4 blocks 315.75993299484253
tdata.files.ino ino 4 interleaved 187.33241963386536
tdata.files.ino ino 8 blocks 415.63721776008606
tdata.files.ino ino 8 interleaved 229.97832775115967
